2025-12-06 13:34:49,353 - INFO: epoch 49 checkpoint!
2025-12-06 13:34:52,981 - INFO: l2r: acc of top [1, 10] = [0.969 0.996], mr = 1.246, mrr = 0.980, time = 3.6267 s 
2025-12-06 13:34:52,982 - INFO: r2l: acc of top [1, 10] = [0.9661 0.9962], mr = 1.239, mrr = 0.978, time = 3.6285 s 
2025-12-06 13:41:08,955 - INFO: epoch 99 checkpoint!
2025-12-06 13:41:12,563 - INFO: l2r: acc of top [1, 10] = [0.9725 0.9963], mr = 1.229, mrr = 0.982, time = 3.6072 s 
2025-12-06 13:41:12,565 - INFO: r2l: acc of top [1, 10] = [0.9706 0.9963], mr = 1.197, mrr = 0.981, time = 3.6089 s 
2025-12-06 13:47:29,146 - INFO: epoch 149 checkpoint!
2025-12-06 13:47:32,746 - INFO: l2r: acc of top [1, 10] = [0.9734 0.9959], mr = 1.231, mrr = 0.982, time = 3.5991 s 
2025-12-06 13:47:32,747 - INFO: r2l: acc of top [1, 10] = [0.9728 0.9959], mr = 1.179, mrr = 0.982, time = 3.6008 s 
2025-12-06 13:53:49,651 - INFO: epoch 199 checkpoint!
2025-12-06 13:53:53,213 - INFO: l2r: acc of top [1, 10] = [0.9745 0.9955], mr = 1.231, mrr = 0.983, time = 3.5614 s 
2025-12-06 13:53:53,214 - INFO: r2l: acc of top [1, 10] = [0.9733 0.9961], mr = 1.172, mrr = 0.982, time = 3.5619 s 
2025-12-06 14:00:10,059 - INFO: epoch 249 checkpoint!
2025-12-06 14:00:13,645 - INFO: l2r: acc of top [1, 10] = [0.9751 0.9954], mr = 1.230, mrr = 0.983, time = 3.5856 s 
2025-12-06 14:00:13,647 - INFO: r2l: acc of top [1, 10] = [0.9739 0.996 ], mr = 1.173, mrr = 0.983, time = 3.5874 s 
2025-12-06 14:06:30,510 - INFO: epoch 299 checkpoint!
2025-12-06 14:06:34,086 - INFO: l2r: acc of top [1, 10] = [0.9754 0.995 ], mr = 1.231, mrr = 0.983, time = 3.5755 s 
2025-12-06 14:06:34,088 - INFO: r2l: acc of top [1, 10] = [0.9742 0.9963], mr = 1.173, mrr = 0.983, time = 3.5773 s 
2025-12-06 14:12:50,825 - INFO: epoch 349 checkpoint!
2025-12-06 14:12:54,430 - INFO: l2r: acc of top [1, 10] = [0.9754 0.9956], mr = 1.226, mrr = 0.984, time = 3.6044 s 
2025-12-06 14:12:54,432 - INFO: r2l: acc of top [1, 10] = [0.9765 0.9968], mr = 1.167, mrr = 0.984, time = 3.6060 s 
2025-12-06 14:19:10,886 - INFO: epoch 399 checkpoint!
2025-12-06 14:19:14,461 - INFO: l2r: acc of top [1, 10] = [0.9759 0.996 ], mr = 1.222, mrr = 0.984, time = 3.5744 s 
2025-12-06 14:19:14,463 - INFO: r2l: acc of top [1, 10] = [0.9772 0.9969], mr = 1.162, mrr = 0.985, time = 3.5761 s 
2025-12-06 14:25:30,823 - INFO: epoch 449 checkpoint!
2025-12-06 14:25:34,402 - INFO: l2r: acc of top [1, 10] = [0.9764 0.9962], mr = 1.209, mrr = 0.984, time = 3.5786 s 
2025-12-06 14:25:34,404 - INFO: r2l: acc of top [1, 10] = [0.9771 0.997 ], mr = 1.146, mrr = 0.985, time = 3.5802 s 
2025-12-06 14:31:50,769 - INFO: epoch 499 checkpoint!
2025-12-06 14:31:54,367 - INFO: l2r: acc of top [1, 10] = [0.9766 0.9963], mr = 1.212, mrr = 0.985, time = 3.5976 s 
2025-12-06 14:31:54,369 - INFO: r2l: acc of top [1, 10] = [0.9768 0.9971], mr = 1.150, mrr = 0.985, time = 3.5993 s 
2025-12-06 14:38:10,687 - INFO: epoch 549 checkpoint!
2025-12-06 14:38:14,272 - INFO: l2r: acc of top [1, 10] = [0.9769 0.9963], mr = 1.231, mrr = 0.985, time = 3.5839 s 
2025-12-06 14:38:14,273 - INFO: r2l: acc of top [1, 10] = [0.9764 0.9971], mr = 1.157, mrr = 0.985, time = 3.5856 s 
2025-12-06 14:44:30,964 - INFO: epoch 599 checkpoint!
2025-12-06 14:44:34,566 - INFO: l2r: acc of top [1, 10] = [0.977  0.9966], mr = 1.247, mrr = 0.985, time = 3.6022 s 
2025-12-06 14:44:34,568 - INFO: r2l: acc of top [1, 10] = [0.9766 0.9973], mr = 1.168, mrr = 0.985, time = 3.6039 s 
2025-12-06 14:50:50,933 - INFO: epoch 649 checkpoint!
2025-12-06 14:50:54,517 - INFO: l2r: acc of top [1, 10] = [0.9767 0.9965], mr = 1.270, mrr = 0.985, time = 3.5833 s 
2025-12-06 14:50:54,518 - INFO: r2l: acc of top [1, 10] = [0.9757 0.9975], mr = 1.178, mrr = 0.984, time = 3.5850 s 
2025-12-06 14:57:03,136 - INFO: epoch 699 checkpoint!
2025-12-06 14:57:06,259 - INFO: l2r: acc of top [1, 10] = [0.9764 0.9963], mr = 1.298, mrr = 0.984, time = 3.1223 s 
2025-12-06 14:57:06,260 - INFO: r2l: acc of top [1, 10] = [0.976  0.9974], mr = 1.194, mrr = 0.984, time = 3.1239 s 
2025-12-06 15:02:37,417 - INFO: epoch 749 checkpoint!
2025-12-06 15:02:40,716 - INFO: l2r: acc of top [1, 10] = [0.9761 0.9961], mr = 1.332, mrr = 0.984, time = 3.2979 s 
2025-12-06 15:02:40,718 - INFO: r2l: acc of top [1, 10] = [0.9753 0.9973], mr = 1.221, mrr = 0.984, time = 3.2997 s 
2025-12-06 15:08:12,393 - INFO: epoch 799 checkpoint!
2025-12-06 15:08:15,477 - INFO: l2r: acc of top [1, 10] = [0.9764 0.9961], mr = 1.362, mrr = 0.984, time = 3.0829 s 
2025-12-06 15:08:15,478 - INFO: r2l: acc of top [1, 10] = [0.9746 0.997 ], mr = 1.246, mrr = 0.984, time = 3.0846 s 
2025-12-06 15:13:46,364 - INFO: epoch 849 checkpoint!
2025-12-06 15:13:49,479 - INFO: l2r: acc of top [1, 10] = [0.975  0.9959], mr = 1.396, mrr = 0.984, time = 3.1143 s 
2025-12-06 15:13:49,481 - INFO: r2l: acc of top [1, 10] = [0.9741 0.997 ], mr = 1.274, mrr = 0.983, time = 3.1160 s 
2025-12-06 15:19:19,957 - INFO: epoch 899 checkpoint!
2025-12-06 15:19:23,043 - INFO: l2r: acc of top [1, 10] = [0.9742 0.9956], mr = 1.437, mrr = 0.983, time = 3.0859 s 
2025-12-06 15:19:23,045 - INFO: r2l: acc of top [1, 10] = [0.9731 0.9968], mr = 1.333, mrr = 0.983, time = 3.0876 s 
2025-12-06 15:24:54,384 - INFO: epoch 949 checkpoint!
2025-12-06 15:24:57,477 - INFO: l2r: acc of top [1, 10] = [0.9736 0.9952], mr = 1.504, mrr = 0.982, time = 3.0919 s 
2025-12-06 15:24:57,478 - INFO: r2l: acc of top [1, 10] = [0.9723 0.9967], mr = 1.390, mrr = 0.982, time = 3.0935 s 
2025-12-06 15:30:29,304 - INFO: epoch 999 checkpoint!
2025-12-06 15:30:33,950 - INFO: l2r: acc of top [1, 10] = [0.9732 0.9951], mr = 1.575, mrr = 0.982, time = 4.6456 s 
2025-12-06 15:30:33,951 - INFO: r2l: acc of top [1, 10] = [0.9719 0.9967], mr = 1.433, mrr = 0.982, time = 4.6466 s 
