2025-12-08 15:49:46,616 - INFO: epoch 49 checkpoint!
2025-12-08 15:49:49,679 - INFO: l2r: acc of top [1, 10] = [0.9185 0.9846], mr = 1.654, mrr = 0.943, time = 3.0623 s 
2025-12-08 15:49:49,681 - INFO: r2l: acc of top [1, 10] = [0.9184 0.9857], mr = 1.679, mrr = 0.944, time = 3.0640 s 
2025-12-08 15:55:14,699 - INFO: epoch 99 checkpoint!
2025-12-08 15:55:17,763 - INFO: l2r: acc of top [1, 10] = [0.9282 0.987 ], mr = 1.654, mrr = 0.950, time = 3.0633 s 
2025-12-08 15:55:17,763 - INFO: r2l: acc of top [1, 10] = [0.9293 0.987 ], mr = 1.617, mrr = 0.951, time = 3.0638 s 
2025-12-08 16:00:42,421 - INFO: epoch 149 checkpoint!
2025-12-08 16:00:45,463 - INFO: l2r: acc of top [1, 10] = [0.9322 0.9872], mr = 1.691, mrr = 0.953, time = 3.0408 s 
2025-12-08 16:00:45,464 - INFO: r2l: acc of top [1, 10] = [0.9324 0.9869], mr = 1.628, mrr = 0.953, time = 3.0424 s 
2025-12-08 16:06:09,998 - INFO: epoch 199 checkpoint!
2025-12-08 16:06:13,038 - INFO: l2r: acc of top [1, 10] = [0.9335 0.9871], mr = 1.755, mrr = 0.954, time = 3.0392 s 
2025-12-08 16:06:13,040 - INFO: r2l: acc of top [1, 10] = [0.9335 0.9877], mr = 1.658, mrr = 0.954, time = 3.0409 s 
2025-12-08 16:11:37,353 - INFO: epoch 249 checkpoint!
2025-12-08 16:11:40,408 - INFO: l2r: acc of top [1, 10] = [0.9354 0.9876], mr = 1.799, mrr = 0.954, time = 3.0548 s 
2025-12-08 16:11:40,410 - INFO: r2l: acc of top [1, 10] = [0.9361 0.9876], mr = 1.686, mrr = 0.955, time = 3.0564 s 
2025-12-08 16:17:04,908 - INFO: epoch 299 checkpoint!
2025-12-08 16:17:07,977 - INFO: l2r: acc of top [1, 10] = [0.935  0.9869], mr = 1.840, mrr = 0.954, time = 3.0680 s 
2025-12-08 16:17:07,979 - INFO: r2l: acc of top [1, 10] = [0.9357 0.987 ], mr = 1.736, mrr = 0.955, time = 3.0697 s 
2025-12-08 16:37:23,066 - INFO: new_links_elect: 8781
2025-12-08 16:37:23,069 - INFO: train_ill length: 15673
2025-12-08 16:37:25,368 - INFO: true_links: 4615
2025-12-08 16:37:25,368 - INFO: true link ratio: 52.56%
2025-12-08 16:37:25,918 - INFO: epoch 349 checkpoint!
2025-12-08 16:37:29,001 - INFO: l2r: acc of top [1, 10] = [0.9431 0.9886], mr = 1.768, mrr = 0.960, time = 3.0825 s 
2025-12-08 16:37:29,002 - INFO: r2l: acc of top [1, 10] = [0.9436 0.9884], mr = 1.583, mrr = 0.961, time = 3.0842 s 
2025-12-08 16:54:19,024 - INFO: new_links_elect: 1814
2025-12-08 16:54:19,026 - INFO: train_ill length: 17487
2025-12-08 16:54:19,490 - INFO: true_links: 961
2025-12-08 16:54:19,490 - INFO: true link ratio: 52.98%
2025-12-08 16:54:19,567 - INFO: epoch 399 checkpoint!
2025-12-08 16:54:22,653 - INFO: l2r: acc of top [1, 10] = [0.9696 0.9975], mr = 1.129, mrr = 0.981, time = 3.0856 s 
2025-12-08 16:54:22,655 - INFO: r2l: acc of top [1, 10] = [0.9698 0.9985], mr = 1.098, mrr = 0.981, time = 3.0872 s 
2025-12-08 17:09:55,718 - INFO: new_links_elect: 721
2025-12-08 17:09:55,719 - INFO: train_ill length: 18208
2025-12-08 17:09:55,905 - INFO: true_links: 369
2025-12-08 17:09:55,905 - INFO: true link ratio: 51.18%
2025-12-08 17:09:55,949 - INFO: epoch 449 checkpoint!
2025-12-08 17:09:58,991 - INFO: l2r: acc of top [1, 10] = [0.9757 0.9989], mr = 1.078, mrr = 0.985, time = 3.0421 s 
2025-12-08 17:09:58,993 - INFO: r2l: acc of top [1, 10] = [0.9764 0.9991], mr = 1.061, mrr = 0.986, time = 3.0438 s 
2025-12-08 17:24:46,753 - INFO: new_links_elect: 339
2025-12-08 17:24:46,754 - INFO: train_ill length: 18547
2025-12-08 17:24:46,847 - INFO: true_links: 156
2025-12-08 17:24:46,847 - INFO: true link ratio: 46.02%
2025-12-08 17:24:46,882 - INFO: epoch 499 checkpoint!
2025-12-08 17:24:49,926 - INFO: l2r: acc of top [1, 10] = [0.979  0.9992], mr = 1.058, mrr = 0.987, time = 3.0429 s 
2025-12-08 17:24:49,927 - INFO: r2l: acc of top [1, 10] = [0.9801 0.9994], mr = 1.047, mrr = 0.988, time = 3.0445 s 
2025-12-08 17:39:31,686 - INFO: new_links_elect: 196
2025-12-08 17:39:31,686 - INFO: train_ill length: 18743
2025-12-08 17:39:31,744 - INFO: true_links: 78
2025-12-08 17:39:31,744 - INFO: true link ratio: 39.80%
2025-12-08 17:39:31,780 - INFO: epoch 549 checkpoint!
2025-12-08 17:39:34,856 - INFO: l2r: acc of top [1, 10] = [0.983  0.9995], mr = 1.045, mrr = 0.990, time = 3.0756 s 
2025-12-08 17:39:34,857 - INFO: r2l: acc of top [1, 10] = [0.9829 0.9996], mr = 1.041, mrr = 0.989, time = 3.0773 s 
2025-12-08 17:53:59,741 - INFO: new_links_elect: 119
2025-12-08 17:53:59,741 - INFO: train_ill length: 18862
2025-12-08 17:53:59,780 - INFO: true_links: 41
2025-12-08 17:53:59,780 - INFO: true link ratio: 34.45%
2025-12-08 17:53:59,812 - INFO: epoch 599 checkpoint!
2025-12-08 17:54:02,891 - INFO: l2r: acc of top [1, 10] = [0.9848 0.9994], mr = 1.044, mrr = 0.991, time = 3.0788 s 
2025-12-08 17:54:02,892 - INFO: r2l: acc of top [1, 10] = [0.9848 0.9996], mr = 1.037, mrr = 0.991, time = 3.0804 s 
2025-12-08 18:08:21,572 - INFO: new_links_elect: 88
2025-12-08 18:08:21,572 - INFO: train_ill length: 18950
2025-12-08 18:08:21,601 - INFO: true_links: 26
2025-12-08 18:08:21,601 - INFO: true link ratio: 29.55%
2025-12-08 18:08:21,634 - INFO: epoch 649 checkpoint!
2025-12-08 18:08:24,700 - INFO: l2r: acc of top [1, 10] = [0.986  0.9995], mr = 1.043, mrr = 0.991, time = 3.0656 s 
2025-12-08 18:08:24,700 - INFO: r2l: acc of top [1, 10] = [0.9856 0.9996], mr = 1.035, mrr = 0.991, time = 3.0661 s 
2025-12-08 18:23:00,218 - INFO: new_links_elect: 71
2025-12-08 18:23:00,218 - INFO: train_ill length: 19021
2025-12-08 18:23:00,241 - INFO: true_links: 18
2025-12-08 18:23:00,241 - INFO: true link ratio: 25.35%
2025-12-08 18:23:00,274 - INFO: epoch 699 checkpoint!
2025-12-08 18:23:03,326 - INFO: l2r: acc of top [1, 10] = [0.987  0.9993], mr = 1.043, mrr = 0.992, time = 3.0510 s 
2025-12-08 18:23:03,327 - INFO: r2l: acc of top [1, 10] = [0.9865 0.9994], mr = 1.034, mrr = 0.992, time = 3.0526 s 
2025-12-08 18:37:34,376 - INFO: new_links_elect: 47
2025-12-08 18:37:34,377 - INFO: train_ill length: 19068
2025-12-08 18:37:34,393 - INFO: true_links: 8
2025-12-08 18:37:34,393 - INFO: true link ratio: 17.02%
2025-12-08 18:37:34,426 - INFO: epoch 749 checkpoint!
2025-12-08 18:37:37,500 - INFO: l2r: acc of top [1, 10] = [0.987  0.9993], mr = 1.053, mrr = 0.992, time = 3.0734 s 
2025-12-08 18:37:37,501 - INFO: r2l: acc of top [1, 10] = [0.9867 0.9994], mr = 1.034, mrr = 0.992, time = 3.0751 s 
2025-12-08 18:52:09,579 - INFO: new_links_elect: 43
2025-12-08 18:52:09,579 - INFO: train_ill length: 19111
2025-12-08 18:52:09,596 - INFO: true_links: 5
2025-12-08 18:52:09,596 - INFO: true link ratio: 11.63%
2025-12-08 18:52:09,629 - INFO: epoch 799 checkpoint!
2025-12-08 18:52:12,695 - INFO: l2r: acc of top [1, 10] = [0.9872 0.9991], mr = 1.058, mrr = 0.992, time = 3.0659 s 
2025-12-08 18:52:12,697 - INFO: r2l: acc of top [1, 10] = [0.9863 0.9994], mr = 1.035, mrr = 0.992, time = 3.0676 s 
2025-12-08 19:06:43,393 - INFO: new_links_elect: 25
2025-12-08 19:06:43,393 - INFO: train_ill length: 19136
2025-12-08 19:06:43,403 - INFO: true_links: 10
2025-12-08 19:06:43,403 - INFO: true link ratio: 40.00%
2025-12-08 19:06:43,434 - INFO: epoch 849 checkpoint!
2025-12-08 19:06:46,482 - INFO: l2r: acc of top [1, 10] = [0.9876 0.999 ], mr = 1.060, mrr = 0.992, time = 3.0467 s 
2025-12-08 19:06:46,483 - INFO: r2l: acc of top [1, 10] = [0.9867 0.9993], mr = 1.035, mrr = 0.992, time = 3.0483 s 
2025-12-08 19:21:16,919 - INFO: new_links_elect: 24
2025-12-08 19:21:16,919 - INFO: train_ill length: 19160
2025-12-08 19:21:16,929 - INFO: true_links: 4
2025-12-08 19:21:16,930 - INFO: true link ratio: 16.67%
2025-12-08 19:21:16,962 - INFO: epoch 899 checkpoint!
2025-12-08 19:21:20,028 - INFO: l2r: acc of top [1, 10] = [0.9878 0.999 ], mr = 1.076, mrr = 0.993, time = 3.0658 s 
2025-12-08 19:21:20,030 - INFO: r2l: acc of top [1, 10] = [0.987  0.9993], mr = 1.036, mrr = 0.992, time = 3.0674 s 
2025-12-08 19:35:49,734 - INFO: new_links_elect: 20
2025-12-08 19:35:49,734 - INFO: train_ill length: 19180
2025-12-08 19:35:49,743 - INFO: true_links: 1
2025-12-08 19:35:49,743 - INFO: true link ratio: 5.00%
2025-12-08 19:35:49,776 - INFO: epoch 949 checkpoint!
2025-12-08 19:35:52,831 - INFO: l2r: acc of top [1, 10] = [0.9878 0.999 ], mr = 1.103, mrr = 0.992, time = 3.0545 s 
2025-12-08 19:35:52,833 - INFO: r2l: acc of top [1, 10] = [0.9868 0.9993], mr = 1.037, mrr = 0.992, time = 3.0561 s 
2025-12-08 19:50:21,630 - INFO: new_links_elect: 14
2025-12-08 19:50:21,631 - INFO: train_ill length: 19194
2025-12-08 19:50:21,637 - INFO: true_links: 2
2025-12-08 19:50:21,637 - INFO: true link ratio: 14.29%
2025-12-08 19:50:21,670 - INFO: epoch 999 checkpoint!
2025-12-08 19:50:26,290 - INFO: l2r: acc of top [1, 10] = [0.9877 0.9991], mr = 1.120, mrr = 0.992, time = 4.6194 s 
2025-12-08 19:50:26,291 - INFO: r2l: acc of top [1, 10] = [0.9868 0.9993], mr = 1.038, mrr = 0.992, time = 4.6204 s 
