2025-12-11 22:47:18,179 - INFO: epoch 49 checkpoint!
2025-12-11 22:47:21,353 - INFO: l2r: acc of top [1, 10] = [0.915  0.9828], mr = 1.774, mrr = 0.940, time = 3.1728 s 
2025-12-11 22:47:21,354 - INFO: r2l: acc of top [1, 10] = [0.9088 0.982 ], mr = 1.765, mrr = 0.936, time = 3.1745 s 
2025-12-11 22:52:34,974 - INFO: epoch 99 checkpoint!
2025-12-11 22:52:38,143 - INFO: l2r: acc of top [1, 10] = [0.9256 0.9849], mr = 1.697, mrr = 0.948, time = 3.1689 s 
2025-12-11 22:52:38,145 - INFO: r2l: acc of top [1, 10] = [0.9185 0.9848], mr = 1.670, mrr = 0.943, time = 3.1705 s 
2025-12-11 22:57:52,288 - INFO: epoch 149 checkpoint!
2025-12-11 22:57:55,439 - INFO: l2r: acc of top [1, 10] = [0.9278 0.9848], mr = 1.751, mrr = 0.949, time = 3.1508 s 
2025-12-11 22:57:55,441 - INFO: r2l: acc of top [1, 10] = [0.9205 0.985 ], mr = 1.698, mrr = 0.945, time = 3.1525 s 
2025-12-11 23:03:09,473 - INFO: epoch 199 checkpoint!
2025-12-11 23:03:12,627 - INFO: l2r: acc of top [1, 10] = [0.9271 0.9843], mr = 1.843, mrr = 0.949, time = 3.1534 s 
2025-12-11 23:03:12,628 - INFO: r2l: acc of top [1, 10] = [0.9224 0.9854], mr = 1.753, mrr = 0.946, time = 3.1552 s 
2025-12-11 23:08:26,333 - INFO: epoch 249 checkpoint!
2025-12-11 23:08:29,479 - INFO: l2r: acc of top [1, 10] = [0.9278 0.9842], mr = 1.968, mrr = 0.949, time = 3.1457 s 
2025-12-11 23:08:29,481 - INFO: r2l: acc of top [1, 10] = [0.9223 0.985 ], mr = 1.827, mrr = 0.946, time = 3.1474 s 
2025-12-11 23:13:44,219 - INFO: epoch 299 checkpoint!
2025-12-11 23:13:47,391 - INFO: l2r: acc of top [1, 10] = [0.9272 0.9834], mr = 2.145, mrr = 0.948, time = 3.1710 s 
2025-12-11 23:13:47,393 - INFO: r2l: acc of top [1, 10] = [0.922  0.9849], mr = 1.922, mrr = 0.945, time = 3.1728 s 
2025-12-11 23:19:00,319 - INFO: epoch 349 checkpoint!
2025-12-11 23:19:03,512 - INFO: l2r: acc of top [1, 10] = [0.9275 0.983 ], mr = 2.201, mrr = 0.948, time = 3.1924 s 
2025-12-11 23:19:03,514 - INFO: r2l: acc of top [1, 10] = [0.9207 0.9847], mr = 1.982, mrr = 0.944, time = 3.1942 s 
2025-12-11 23:24:16,684 - INFO: epoch 399 checkpoint!
2025-12-11 23:24:20,153 - INFO: l2r: acc of top [1, 10] = [0.929  0.9828], mr = 2.308, mrr = 0.949, time = 3.4687 s 
2025-12-11 23:24:20,155 - INFO: r2l: acc of top [1, 10] = [0.9208 0.9842], mr = 2.067, mrr = 0.944, time = 3.4704 s 
2025-12-11 23:29:34,930 - INFO: epoch 449 checkpoint!
2025-12-11 23:29:38,094 - INFO: l2r: acc of top [1, 10] = [0.9273 0.9828], mr = 2.437, mrr = 0.948, time = 3.1626 s 
2025-12-11 23:29:38,095 - INFO: r2l: acc of top [1, 10] = [0.9199 0.9842], mr = 2.153, mrr = 0.944, time = 3.1643 s 
2025-12-11 23:34:50,869 - INFO: epoch 499 checkpoint!
2025-12-11 23:34:54,002 - INFO: l2r: acc of top [1, 10] = [0.9258 0.9826], mr = 2.667, mrr = 0.947, time = 3.1328 s 
2025-12-11 23:34:54,004 - INFO: r2l: acc of top [1, 10] = [0.9175 0.9839], mr = 2.325, mrr = 0.942, time = 3.1345 s 
2025-12-11 23:40:06,797 - INFO: epoch 549 checkpoint!
2025-12-11 23:40:10,009 - INFO: l2r: acc of top [1, 10] = [0.9237 0.9816], mr = 2.895, mrr = 0.945, time = 3.2111 s 
2025-12-11 23:40:10,011 - INFO: r2l: acc of top [1, 10] = [0.9157 0.9834], mr = 2.510, mrr = 0.941, time = 3.2128 s 
2025-12-11 23:45:22,841 - INFO: epoch 599 checkpoint!
2025-12-11 23:45:26,319 - INFO: l2r: acc of top [1, 10] = [0.921  0.9811], mr = 3.235, mrr = 0.943, time = 3.4782 s 
2025-12-11 23:45:26,321 - INFO: r2l: acc of top [1, 10] = [0.9137 0.9823], mr = 2.791, mrr = 0.940, time = 3.4799 s 
2025-12-11 23:50:39,214 - INFO: epoch 649 checkpoint!
2025-12-11 23:50:42,366 - INFO: l2r: acc of top [1, 10] = [0.9189 0.9802], mr = 3.542, mrr = 0.942, time = 3.1513 s 
2025-12-11 23:50:42,367 - INFO: r2l: acc of top [1, 10] = [0.9111 0.9804], mr = 3.096, mrr = 0.938, time = 3.1530 s 
2025-12-11 23:55:55,076 - INFO: epoch 699 checkpoint!
2025-12-11 23:55:58,235 - INFO: l2r: acc of top [1, 10] = [0.9164 0.9787], mr = 3.937, mrr = 0.939, time = 3.1586 s 
2025-12-11 23:55:58,237 - INFO: r2l: acc of top [1, 10] = [0.9088 0.9795], mr = 3.414, mrr = 0.935, time = 3.1602 s 
2025-12-12 00:01:10,939 - INFO: epoch 749 checkpoint!
2025-12-12 00:01:14,096 - INFO: l2r: acc of top [1, 10] = [0.9138 0.9769], mr = 4.442, mrr = 0.937, time = 3.1566 s 
2025-12-12 00:01:14,098 - INFO: r2l: acc of top [1, 10] = [0.9053 0.9793], mr = 3.827, mrr = 0.933, time = 3.1583 s 
2025-12-12 00:06:26,839 - INFO: epoch 799 checkpoint!
2025-12-12 00:06:30,023 - INFO: l2r: acc of top [1, 10] = [0.9115 0.9752], mr = 5.001, mrr = 0.935, time = 3.1834 s 
2025-12-12 00:06:30,024 - INFO: r2l: acc of top [1, 10] = [0.9035 0.9771], mr = 4.294, mrr = 0.931, time = 3.1851 s 
2025-12-12 00:11:42,356 - INFO: epoch 849 checkpoint!
2025-12-12 00:11:45,489 - INFO: l2r: acc of top [1, 10] = [0.9078 0.9735], mr = 5.667, mrr = 0.932, time = 3.1322 s 
2025-12-12 00:11:45,490 - INFO: r2l: acc of top [1, 10] = [0.9007 0.9751], mr = 4.831, mrr = 0.928, time = 3.1339 s 
2025-12-12 00:16:57,743 - INFO: epoch 899 checkpoint!
2025-12-12 00:17:00,908 - INFO: l2r: acc of top [1, 10] = [0.9052 0.9713], mr = 6.396, mrr = 0.930, time = 3.1647 s 
2025-12-12 00:17:00,910 - INFO: r2l: acc of top [1, 10] = [0.8974 0.9734], mr = 5.448, mrr = 0.926, time = 3.1665 s 
2025-12-12 00:22:13,543 - INFO: epoch 949 checkpoint!
2025-12-12 00:22:16,695 - INFO: l2r: acc of top [1, 10] = [0.9027 0.9697], mr = 7.190, mrr = 0.927, time = 3.1507 s 
2025-12-12 00:22:16,696 - INFO: r2l: acc of top [1, 10] = [0.8941 0.9722], mr = 6.123, mrr = 0.923, time = 3.1524 s 
2025-12-12 00:27:29,270 - INFO: epoch 999 checkpoint!
2025-12-12 00:27:33,934 - INFO: l2r: acc of top [1, 10] = [0.8994 0.9678], mr = 8.172, mrr = 0.924, time = 4.6632 s 
2025-12-12 00:27:33,935 - INFO: r2l: acc of top [1, 10] = [0.8909 0.9699], mr = 6.829, mrr = 0.920, time = 4.6643 s 
