2025-12-12 10:11:50,015 - INFO: epoch 49 checkpoint!
2025-12-12 10:11:53,194 - INFO: l2r: acc of top [1, 10] = [0.9545 0.9918], mr = 1.384, mrr = 0.969, time = 3.1792 s 
2025-12-12 10:11:53,196 - INFO: r2l: acc of top [1, 10] = [0.9507 0.9921], mr = 1.430, mrr = 0.966, time = 3.1808 s 
2025-12-12 10:17:14,352 - INFO: epoch 99 checkpoint!
2025-12-12 10:17:17,514 - INFO: l2r: acc of top [1, 10] = [0.9615 0.9934], mr = 1.399, mrr = 0.974, time = 3.1613 s 
2025-12-12 10:17:17,515 - INFO: r2l: acc of top [1, 10] = [0.9596 0.9923], mr = 1.510, mrr = 0.973, time = 3.1630 s 
2025-12-12 10:22:39,199 - INFO: epoch 149 checkpoint!
2025-12-12 10:22:42,387 - INFO: l2r: acc of top [1, 10] = [0.9631 0.9932], mr = 1.426, mrr = 0.975, time = 3.1866 s 
2025-12-12 10:22:42,388 - INFO: r2l: acc of top [1, 10] = [0.9603 0.9927], mr = 1.582, mrr = 0.973, time = 3.1884 s 
2025-12-12 10:28:05,053 - INFO: epoch 199 checkpoint!
2025-12-12 10:28:08,242 - INFO: l2r: acc of top [1, 10] = [0.9636 0.9929], mr = 1.464, mrr = 0.975, time = 3.1888 s 
2025-12-12 10:28:08,244 - INFO: r2l: acc of top [1, 10] = [0.9622 0.9927], mr = 1.616, mrr = 0.974, time = 3.1905 s 
2025-12-12 10:33:30,528 - INFO: epoch 249 checkpoint!
2025-12-12 10:33:33,669 - INFO: l2r: acc of top [1, 10] = [0.9644 0.9928], mr = 1.518, mrr = 0.976, time = 3.1409 s 
2025-12-12 10:33:33,671 - INFO: r2l: acc of top [1, 10] = [0.9624 0.9922], mr = 1.662, mrr = 0.974, time = 3.1426 s 
2025-12-12 10:38:55,620 - INFO: epoch 299 checkpoint!
2025-12-12 10:38:58,783 - INFO: l2r: acc of top [1, 10] = [0.9638 0.9925], mr = 1.564, mrr = 0.975, time = 3.1625 s 
2025-12-12 10:38:58,785 - INFO: r2l: acc of top [1, 10] = [0.9624 0.992 ], mr = 1.706, mrr = 0.974, time = 3.1642 s 
2025-12-12 10:44:20,712 - INFO: epoch 349 checkpoint!
2025-12-12 10:44:23,861 - INFO: l2r: acc of top [1, 10] = [0.9637 0.9924], mr = 1.549, mrr = 0.975, time = 3.1477 s 
2025-12-12 10:44:23,862 - INFO: r2l: acc of top [1, 10] = [0.962  0.9923], mr = 1.710, mrr = 0.974, time = 3.1493 s 
2025-12-12 10:49:45,724 - INFO: epoch 399 checkpoint!
2025-12-12 10:49:48,892 - INFO: l2r: acc of top [1, 10] = [0.9653 0.9928], mr = 1.510, mrr = 0.976, time = 3.1676 s 
2025-12-12 10:49:48,892 - INFO: r2l: acc of top [1, 10] = [0.962  0.9924], mr = 1.715, mrr = 0.974, time = 3.1681 s 
2025-12-12 10:55:10,313 - INFO: epoch 449 checkpoint!
2025-12-12 10:55:13,499 - INFO: l2r: acc of top [1, 10] = [0.9655 0.9931], mr = 1.483, mrr = 0.976, time = 3.1848 s 
2025-12-12 10:55:13,500 - INFO: r2l: acc of top [1, 10] = [0.9617 0.9924], mr = 1.715, mrr = 0.974, time = 3.1865 s 
2025-12-12 11:00:35,351 - INFO: epoch 499 checkpoint!
2025-12-12 11:00:38,523 - INFO: l2r: acc of top [1, 10] = [0.9651 0.9928], mr = 1.476, mrr = 0.976, time = 3.1717 s 
2025-12-12 11:00:38,524 - INFO: r2l: acc of top [1, 10] = [0.962  0.9926], mr = 1.734, mrr = 0.974, time = 3.1733 s 
2025-12-12 11:06:01,172 - INFO: epoch 549 checkpoint!
2025-12-12 11:06:04,612 - INFO: l2r: acc of top [1, 10] = [0.9637 0.9925], mr = 1.475, mrr = 0.975, time = 3.4397 s 
2025-12-12 11:06:04,614 - INFO: r2l: acc of top [1, 10] = [0.9612 0.9922], mr = 1.759, mrr = 0.973, time = 3.4415 s 
2025-12-12 11:11:27,248 - INFO: epoch 599 checkpoint!
2025-12-12 11:11:30,389 - INFO: l2r: acc of top [1, 10] = [0.9637 0.9919], mr = 1.489, mrr = 0.975, time = 3.1406 s 
2025-12-12 11:11:30,391 - INFO: r2l: acc of top [1, 10] = [0.9608 0.9924], mr = 1.797, mrr = 0.973, time = 3.1424 s 
2025-12-12 11:16:53,682 - INFO: epoch 649 checkpoint!
2025-12-12 11:16:56,835 - INFO: l2r: acc of top [1, 10] = [0.9633 0.9917], mr = 1.506, mrr = 0.974, time = 3.1524 s 
2025-12-12 11:16:56,837 - INFO: r2l: acc of top [1, 10] = [0.9591 0.9923], mr = 1.856, mrr = 0.972, time = 3.1541 s 
2025-12-12 11:22:20,419 - INFO: epoch 699 checkpoint!
2025-12-12 11:22:23,613 - INFO: l2r: acc of top [1, 10] = [0.962  0.9916], mr = 1.530, mrr = 0.973, time = 3.1934 s 
2025-12-12 11:22:23,615 - INFO: r2l: acc of top [1, 10] = [0.9584 0.9919], mr = 1.905, mrr = 0.971, time = 3.1951 s 
2025-12-12 11:27:46,291 - INFO: epoch 749 checkpoint!
2025-12-12 11:27:49,482 - INFO: l2r: acc of top [1, 10] = [0.9598 0.9911], mr = 1.565, mrr = 0.972, time = 3.1902 s 
2025-12-12 11:27:49,483 - INFO: r2l: acc of top [1, 10] = [0.9558 0.9914], mr = 1.972, mrr = 0.970, time = 3.1919 s 
2025-12-12 11:33:13,046 - INFO: epoch 799 checkpoint!
2025-12-12 11:33:16,195 - INFO: l2r: acc of top [1, 10] = [0.9588 0.9906], mr = 1.617, mrr = 0.971, time = 3.1489 s 
2025-12-12 11:33:16,197 - INFO: r2l: acc of top [1, 10] = [0.9537 0.9912], mr = 2.035, mrr = 0.968, time = 3.1507 s 
2025-12-12 11:38:39,772 - INFO: epoch 849 checkpoint!
2025-12-12 11:38:42,947 - INFO: l2r: acc of top [1, 10] = [0.9574 0.9898], mr = 1.702, mrr = 0.970, time = 3.1746 s 
2025-12-12 11:38:42,949 - INFO: r2l: acc of top [1, 10] = [0.953  0.9909], mr = 2.144, mrr = 0.967, time = 3.1763 s 
2025-12-12 11:44:06,065 - INFO: epoch 899 checkpoint!
2025-12-12 11:44:09,249 - INFO: l2r: acc of top [1, 10] = [0.9562 0.9895], mr = 1.807, mrr = 0.969, time = 3.1835 s 
2025-12-12 11:44:09,250 - INFO: r2l: acc of top [1, 10] = [0.9517 0.99  ], mr = 2.286, mrr = 0.966, time = 3.1852 s 
2025-12-12 11:49:32,341 - INFO: epoch 949 checkpoint!
2025-12-12 11:49:35,524 - INFO: l2r: acc of top [1, 10] = [0.9541 0.9892], mr = 1.924, mrr = 0.968, time = 3.1822 s 
2025-12-12 11:49:35,525 - INFO: r2l: acc of top [1, 10] = [0.9505 0.9893], mr = 2.462, mrr = 0.965, time = 3.1839 s 
2025-12-12 11:54:59,298 - INFO: epoch 999 checkpoint!
2025-12-12 11:55:03,989 - INFO: l2r: acc of top [1, 10] = [0.9531 0.9883], mr = 2.069, mrr = 0.967, time = 4.6910 s 
2025-12-12 11:55:03,990 - INFO: r2l: acc of top [1, 10] = [0.9491 0.9885], mr = 2.642, mrr = 0.964, time = 4.6922 s 
